#
# A fatal error has been detected by the Java Runtime Environment:
#
#  EXCEPTION_ACCESS_VIOLATION (0xc0000005) at pc=0x000000000298b37f, pid=6932, tid=352
#
# JRE version: Java(TM) SE Runtime Environment (7.0_51-b13) (build 1.7.0_51-b13)
# Java VM: Java HotSpot(TM) 64-Bit Server VM (24.51-b03 mixed mode windows-amd64 compressed oops)
# Problematic frame:
# J  com.android.dx.dex.code.OutputFinisher.assignIndices(Lcom/android/dx/dex/code/DalvCode$AssignIndicesCallback;)V
#
# Failed to write core dump. Minidumps are not enabled by default on client versions of Windows
#
# If you would like to submit a bug report, please visit:
#   http://bugreport.sun.com/bugreport/crash.jsp
#

---------------  T H R E A D  ---------------

Current thread (0x00000000002df000):  JavaThread "main" [_thread_in_Java, id=352, stack(0x0000000002520000,0x0000000002620000)]

siginfo: ExceptionCode=0xc0000005, reading address 0x000000009b253bc0

Registers:
RAX=0x0000000000000027, RBX=0x00000000c0367d40, RCX=0x00000000c0367d28, RDX=0x00000000c0367d28
RSP=0x000000000261f0e0, RBP=0x00000000c0367f20, RSI=0x000000000000001d, RDI=0x000000000000001d
R8 =0x000000000000001d, R9 =0x000000009b253b80, R10=0x0000000000000018, R11=0x0000000000000017
R12=0x0000000000000000, R13=0x00000000c1956ba0, R14=0x00000000c1956b60, R15=0x00000000002df000
RIP=0x000000000298b37f, EFLAGS=0x0000000000010287

Top of Stack: (sp=0x000000000261f0e0)
0x000000000261f0e0:   0000001d00000013 00000014c0367d28
0x000000000261f0f0:   00000000f5a3ebd8 00000000c0367d28
0x000000000261f100:   00000000c0368000 00000000bb383818
0x000000000261f110:   000000000261f170 00000000026260f8
0x000000000261f120:   000000000261f188 00000000026260f8
0x000000000261f130:   00000000026260f8 00000000f5a3ebd8
0x000000000261f140:   00000000c0367d08 000000000261f148
0x000000000261f150:   00000000bb28fead 000000000261f1a0
0x000000000261f160:   00000000bb2908e8 00000000bb383318
0x000000000261f170:   00000000bb28feb8 000000000261f138
0x000000000261f180:   000000000261f198 000000000261f1e8
0x000000000261f190:   00000000026260f8 00000000f5a3ebd8
0x000000000261f1a0:   00000000c0367ce0 000000000261f1a8
0x000000000261f1b0:   00000000bb293682 000000000261f220
0x000000000261f1c0:   00000000bb2999f0 00000000bb383020
0x000000000261f1d0:   00000000bb2936e0 000000000261f198 

Instructions: (pc=0x000000000298b37f)
0x000000000298b35f:   3b d8 0f 8d 56 01 00 00 45 8b d3 41 ff c2 44 3b
0x000000000298b36f:   d8 0f 83 e0 00 00 00 42 8b 6c 9b 10 44 8b 4d 08
0x000000000298b37f:   4d 8b 49 40 48 bb f8 b7 24 bb 00 00 00 00 4c 3b
0x000000000298b38f:   cb 0f 85 e3 00 00 00 4c 8b cd 41 8b 71 08 81 fe 


Register to memory mapping:

RAX=0x0000000000000027 is an unknown value
RBX=0x00000000c0367d40 is an oop
[Ljava.lang.Object; 
 - klass: 'java/lang/Object'[]
 - length: 39
RCX=0x00000000c0367d28 is an oop
java.util.ArrayList 
 - klass: 'java/util/ArrayList'
RDX=0x00000000c0367d28 is an oop
java.util.ArrayList 
 - klass: 'java/util/ArrayList'
RSP=0x000000000261f0e0 is pointing into the stack for thread: 0x00000000002df000
RBP=0x00000000c0367f20 is an oop
com.android.dx.dex.code.SimpleInsn 
 - klass: 'com/android/dx/dex/code/SimpleInsn'
RSI=0x000000000000001d is an unknown value
RDI=0x000000000000001d is an unknown value
R8 =0x000000000000001d is an unknown value
R9 =0x000000009b253b80 is an unknown value
R10=0x0000000000000018 is an unknown value
R11=0x0000000000000017 is an unknown value
R12=0x0000000000000000 is an unknown value
R13=0x00000000c1956ba0 is an oop
[C 
 - klass: {type array char}
 - length: 18
R14=0x00000000c1956b60 is an oop
com.android.dx.rop.type.Type 
 - klass: 'com/android/dx/rop/type/Type'
R15=0x00000000002df000 is a thread


Stack: [0x0000000002520000,0x0000000002620000],  sp=0x000000000261f0e0,  free space=1020k
Native frames: (J=compiled Java code, j=interpreted, Vv=VM code, C=native code)
J  com.android.dx.dex.code.OutputFinisher.assignIndices(Lcom/android/dx/dex/code/DalvCode$AssignIndicesCallback;)V


---------------  P R O C E S S  ---------------

Java Threads: ( => current thread )
  0x0000000008636000 JavaThread "Service Thread" daemon [_thread_blocked, id=8180, stack(0x0000000009570000,0x0000000009670000)]
  0x0000000008635800 JavaThread "C2 CompilerThread1" daemon [_thread_blocked, id=3292, stack(0x0000000009f10000,0x000000000a010000)]
  0x0000000008630000 JavaThread "C2 CompilerThread0" daemon [_thread_in_native, id=1740, stack(0x0000000009da0000,0x0000000009ea0000)]
  0x000000000862e000 JavaThread "Attach Listener" daemon [_thread_blocked, id=7996, stack(0x0000000009c00000,0x0000000009d00000)]
  0x0000000008627000 JavaThread "Signal Dispatcher" daemon [_thread_blocked, id=7344, stack(0x00000000099b0000,0x0000000009ab0000)]
  0x00000000085d7000 JavaThread "Finalizer" daemon [_thread_blocked, id=7716, stack(0x00000000097a0000,0x00000000098a0000)]
  0x00000000085cd800 JavaThread "Reference Handler" daemon [_thread_blocked, id=6508, stack(0x00000000098a0000,0x00000000099a0000)]
=>0x00000000002df000 JavaThread "main" [_thread_in_Java, id=352, stack(0x0000000002520000,0x0000000002620000)]

Other Threads:
  0x00000000085c8000 VMThread [stack: 0x0000000009690000,0x0000000009790000] [id=2056]
  0x000000000a010800 WatcherThread [stack: 0x000000000a570000,0x000000000a670000] [id=4544]

VM state:not at safepoint (normal execution)

VM Mutex/Monitor currently owned by a thread: None

Heap
 PSYoungGen      total 288768K, used 219057K [0x00000000eaa80000, 0x0000000100000000, 0x0000000100000000)
  eden space 247808K, 74% used [0x00000000eaa80000,0x00000000f5d9f518,0x00000000f9c80000)
  from space 40960K, 87% used [0x00000000f9c80000,0x00000000fbf4d218,0x00000000fc480000)
  to   space 59392K, 0% used [0x00000000fc600000,0x00000000fc600000,0x0000000100000000)
 ParOldGen       total 162304K, used 85547K [0x00000000c0000000, 0x00000000c9e80000, 0x00000000eaa80000)
  object space 162304K, 52% used [0x00000000c0000000,0x00000000c538aed8,0x00000000c9e80000)
 PSPermGen       total 21504K, used 5659K [0x00000000bae00000, 0x00000000bc300000, 0x00000000c0000000)
  object space 21504K, 26% used [0x00000000bae00000,0x00000000bb386c88,0x00000000bc300000)

Card table byte_map: [0x0000000005620000,0x0000000005850000] byte_map_base: 0x0000000005049000

Polling page: 0x0000000000130000

Code Cache  [0x0000000002620000, 0x00000000029c0000, 0x0000000005620000)
 total_blobs=1211 nmethods=979 adapters=185 free_code_cache=45605Kb largest_free_block=46584896

Compilation events (10 events):
Event: 16.212 Thread 0x0000000008635800 1008             com.android.dx.dex.code.LocalList$MakeState::snapshot (110 bytes)
Event: 16.218 Thread 0x0000000008635800 nmethod 1008 0x0000000002806910 code [0x0000000002806ac0, 0x0000000002806e40]
Event: 16.223 Thread 0x0000000008635800 1009             com.android.dx.dex.code.LocalSnapshot::withRegisterOffset (20 bytes)
Event: 16.225 Thread 0x0000000008635800 nmethod 1009 0x000000000280fed0 code [0x0000000002810040, 0x00000000028101c8]
Event: 16.225 Thread 0x0000000008635800 1010             com.android.dx.rop.code.RegisterSpecList::withExpandedRegisters (138 bytes)
Event: 16.242 Thread 0x0000000008635800 nmethod 1010 0x0000000002810750 code [0x0000000002810900, 0x0000000002811338]
Event: 16.248 Thread 0x0000000008635800 1011             com.android.dx.dex.code.FixedSizeInsn::withRegisterOffset (13 bytes)
Event: 16.249 Thread 0x0000000008635800 nmethod 1011 0x0000000002810450 code [0x00000000028105a0, 0x0000000002810648]
Event: 16.253 Thread 0x0000000008635800 1012             com.android.dx.rop.cst.CstLiteral32::fitsInInt (2 bytes)
Event: 16.254 Thread 0x0000000008635800 nmethod 1012 0x00000000029a7710 code [0x00000000029a7840, 0x00000000029a7898]

GC Heap History (10 events):
Event: 9.699 GC heap before
{Heap before GC invocations=6 (full 0):
 PSYoungGen      total 70656K, used 70649K [0x00000000eaa80000, 0x00000000f4b80000, 0x0000000100000000)
  eden space 65536K, 100% used [0x00000000eaa80000,0x00000000eea80000,0x00000000eea80000)
  from space 5120K, 99% used [0x00000000eea80000,0x00000000eef7e6a0,0x00000000eef80000)
  to   space 16896K, 0% used [0x00000000f3b00000,0x00000000f3b00000,0x00000000f4b80000)
 ParOldGen       total 84992K, used 28693K [0x00000000c0000000, 0x00000000c5300000, 0x00000000eaa80000)
  object space 84992K, 33% used [0x00000000c0000000,0x00000000c1c057d0,0x00000000c5300000)
 PSPermGen       total 21504K, used 5297K [0x00000000bae00000, 0x00000000bc300000, 0x00000000c0000000)
  object space 21504K, 24% used [0x00000000bae00000,0x00000000bb32c4a0,0x00000000bc300000)
Event: 9.737 GC heap after
Heap after GC invocations=6 (full 0):
 PSYoungGen      total 145408K, used 16895K [0x00000000eaa80000, 0x00000000f5080000, 0x0000000100000000)
  eden space 128512K, 0% used [0x00000000eaa80000,0x00000000eaa80000,0x00000000f2800000)
  from space 16896K, 99% used [0x00000000f3b00000,0x00000000f4b7fd98,0x00000000f4b80000)
  to   space 19456K, 0% used [0x00000000f2800000,0x00000000f2800000,0x00000000f3b00000)
 ParOldGen       total 84992K, used 28881K [0x00000000c0000000, 0x00000000c5300000, 0x00000000eaa80000)
  object space 84992K, 33% used [0x00000000c0000000,0x00000000c1c34528,0x00000000c5300000)
 PSPermGen       total 21504K, used 5297K [0x00000000bae00000, 0x00000000bc300000, 0x00000000c0000000)
  object space 21504K, 24% used [0x00000000bae00000,0x00000000bb32c4a0,0x00000000bc300000)
}
Event: 10.769 GC heap before
{Heap before GC invocations=7 (full 0):
 PSYoungGen      total 145408K, used 145407K [0x00000000eaa80000, 0x00000000f5080000, 0x0000000100000000)
  eden space 128512K, 100% used [0x00000000eaa80000,0x00000000f2800000,0x00000000f2800000)
  from space 16896K, 99% used [0x00000000f3b00000,0x00000000f4b7fd98,0x00000000f4b80000)
  to   space 19456K, 0% used [0x00000000f2800000,0x00000000f2800000,0x00000000f3b00000)
 ParOldGen       total 84992K, used 28881K [0x00000000c0000000, 0x00000000c5300000, 0x00000000eaa80000)
  object space 84992K, 33% used [0x00000000c0000000,0x00000000c1c34528,0x00000000c5300000)
 PSPermGen       total 21504K, used 5348K [0x00000000bae00000, 0x00000000bc300000, 0x00000000c0000000)
  object space 21504K, 24% used [0x00000000bae00000,0x00000000bb339148,0x00000000bc300000)
Event: 10.866 GC heap after
Heap after GC invocations=7 (full 0):
 PSYoungGen      total 147968K, used 19442K [0x00000000eaa80000, 0x00000000fe380000, 0x0000000100000000)
  eden space 128512K, 0% used [0x00000000eaa80000,0x00000000eaa80000,0x00000000f2800000)
  from space 19456K, 99% used [0x00000000f2800000,0x00000000f3afc818,0x00000000f3b00000)
  to   space 31744K, 0% used [0x00000000fc480000,0x00000000fc480000,0x00000000fe380000)
 ParOldGen       total 84992K, used 47878K [0x00000000c0000000, 0x00000000c5300000, 0x00000000eaa80000)
  object space 84992K, 56% used [0x00000000c0000000,0x00000000c2ec1a40,0x00000000c5300000)
 PSPermGen       total 21504K, used 5348K [0x00000000bae00000, 0x00000000bc300000, 0x00000000c0000000)
  object space 21504K, 24% used [0x00000000bae00000,0x00000000bb339148,0x00000000bc300000)
}
Event: 11.725 GC heap before
{Heap before GC invocations=8 (full 0):
 PSYoungGen      total 147968K, used 147954K [0x00000000eaa80000, 0x00000000fe380000, 0x0000000100000000)
  eden space 128512K, 100% used [0x00000000eaa80000,0x00000000f2800000,0x00000000f2800000)
  from space 19456K, 99% used [0x00000000f2800000,0x00000000f3afc818,0x00000000f3b00000)
  to   space 31744K, 0% used [0x00000000fc480000,0x00000000fc480000,0x00000000fe380000)
 ParOldGen       total 84992K, used 47878K [0x00000000c0000000, 0x00000000c5300000, 0x00000000eaa80000)
  object space 84992K, 56% used [0x00000000c0000000,0x00000000c2ec1a40,0x00000000c5300000)
 PSPermGen       total 21504K, used 5387K [0x00000000bae00000, 0x00000000bc300000, 0x00000000c0000000)
  object space 21504K, 25% used [0x00000000bae00000,0x00000000bb342f40,0x00000000bc300000)
Event: 11.792 GC heap after
Heap after GC invocations=8 (full 0):
 PSYoungGen      total 279552K, used 31717K [0x00000000eaa80000, 0x00000000ff580000, 0x0000000100000000)
  eden space 247808K, 0% used [0x00000000eaa80000,0x00000000eaa80000,0x00000000f9c80000)
  from space 31744K, 99% used [0x00000000fc480000,0x00000000fe3795d0,0x00000000fe380000)
  to   space 40960K, 0% used [0x00000000f9c80000,0x00000000f9c80000,0x00000000fc480000)
 ParOldGen       total 84992K, used 56647K [0x00000000c0000000, 0x00000000c5300000, 0x00000000eaa80000)
  object space 84992K, 66% used [0x00000000c0000000,0x00000000c3751f40,0x00000000c5300000)
 PSPermGen       total 21504K, used 5387K [0x00000000bae00000, 0x00000000bc300000, 0x00000000c0000000)
  object space 21504K, 25% used [0x00000000bae00000,0x00000000bb342f40,0x00000000bc300000)
}
Event: 12.974 GC heap before
{Heap before GC invocations=9 (full 0):
 PSYoungGen      total 279552K, used 279525K [0x00000000eaa80000, 0x00000000ff580000, 0x0000000100000000)
  eden space 247808K, 100% used [0x00000000eaa80000,0x00000000f9c80000,0x00000000f9c80000)
  from space 31744K, 99% used [0x00000000fc480000,0x00000000fe3795d0,0x00000000fe380000)
  to   space 40960K, 0% used [0x00000000f9c80000,0x00000000f9c80000,0x00000000fc480000)
 ParOldGen       total 84992K, used 56647K [0x00000000c0000000, 0x00000000c5300000, 0x00000000eaa80000)
  object space 84992K, 66% used [0x00000000c0000000,0x00000000c3751f40,0x00000000c5300000)
 PSPermGen       total 21504K, used 5413K [0x00000000bae00000, 0x00000000bc300000, 0x00000000c0000000)
  object space 21504K, 25% used [0x00000000bae00000,0x00000000bb3496f0,0x00000000bc300000)
Event: 13.078 GC heap after
Heap after GC invocations=9 (full 0):
 PSYoungGen      total 288768K, used 40943K [0x00000000eaa80000, 0x0000000100000000, 0x0000000100000000)
  eden space 247808K, 0% used [0x00000000eaa80000,0x00000000eaa80000,0x00000000f9c80000)
  from space 40960K, 99% used [0x00000000f9c80000,0x00000000fc47be98,0x00000000fc480000)
  to   space 59392K, 0% used [0x00000000fc600000,0x00000000fc600000,0x0000000100000000)
 ParOldGen       total 86016K, used 85907K [0x00000000c0000000, 0x00000000c5400000, 0x00000000eaa80000)
  object space 86016K, 99% used [0x00000000c0000000,0x00000000c53e4f58,0x00000000c5400000)
 PSPermGen       total 21504K, used 5413K [0x00000000bae00000, 0x00000000bc300000, 0x00000000c0000000)
  object space 21504K, 25% used [0x00000000bae00000,0x00000000bb3496f0,0x00000000bc300000)
}
Event: 13.078 GC heap before
{Heap before GC invocations=10 (full 1):
 PSYoungGen      total 288768K, used 40943K [0x00000000eaa80000, 0x0000000100000000, 0x0000000100000000)
  eden space 247808K, 0% used [0x00000000eaa80000,0x00000000eaa80000,0x00000000f9c80000)
  from space 40960K, 99% used [0x00000000f9c80000,0x00000000fc47be98,0x00000000fc480000)
  to   space 59392K, 0% used [0x00000000fc600000,0x00000000fc600000,0x0000000100000000)
 ParOldGen       total 86016K, used 85907K [0x00000000c0000000, 0x00000000c5400000, 0x00000000eaa80000)
  object space 86016K, 99% used [0x00000000c0000000,0x00000000c53e4f58,0x00000000c5400000)
 PSPermGen       total 21504K, used 5413K [0x00000000bae00000, 0x00000000bc300000, 0x00000000c0000000)
  object space 21504K, 25% used [0x00000000bae00000,0x00000000bb3496f0,0x00000000bc300000)
Event: 14.260 GC heap after
Heap after GC invocations=10 (full 1):
 PSYoungGen      total 288768K, used 35636K [0x00000000eaa80000, 0x0000000100000000, 0x0000000100000000)
  eden space 247808K, 0% used [0x00000000eaa80000,0x00000000eaa80000,0x00000000f9c80000)
  from space 40960K, 87% used [0x00000000f9c80000,0x00000000fbf4d218,0x00000000fc480000)
  to   space 59392K, 0% used [0x00000000fc600000,0x00000000fc600000,0x0000000100000000)
 ParOldGen       total 162304K, used 85547K [0x00000000c0000000, 0x00000000c9e80000, 0x00000000eaa80000)
  object space 162304K, 52% used [0x00000000c0000000,0x00000000c538aed8,0x00000000c9e80000)
 PSPermGen       total 21504K, used 5408K [0x00000000bae00000, 0x00000000bc300000, 0x00000000c0000000)
  object space 21504K, 25% used [0x00000000bae00000,0x00000000bb348180,0x00000000bc300000)
}

Deoptimization events (10 events):
Event: 15.904 Thread 0x00000000002df000 Uncommon trap: reason=unreached action=reinterpret pc=0x000000000298eed8 method=com.android.dx.rop.code.RegisterSpecSet.withOffset(I)Lcom/android/dx/rop/code/RegisterSpecSet; @ 37
Event: 15.910 Thread 0x00000000002df000 Uncommon trap: reason=null_check action=make_not_entrant pc=0x0000000002992a28 method=com.android.dx.dex.code.LocalList$MakeState.finish()Lcom/android/dx/dex/code/LocalList; @ 81
Event: 15.938 Thread 0x00000000002df000 Uncommon trap: reason=predicate action=maybe_recompile pc=0x000000000279e4e8 method=java.util.ComparableTimSort.binarySort([Ljava/lang/Object;III)V @ 37
Event: 16.009 Thread 0x00000000002df000 Uncommon trap: reason=array_check action=maybe_recompile pc=0x00000000029aab54 method=java.util.ComparableTimSort.binarySort([Ljava/lang/Object;III)V @ 215
Event: 16.052 Thread 0x00000000002df000 Uncommon trap: reason=array_check action=maybe_recompile pc=0x00000000029aad00 method=java.util.ComparableTimSort.binarySort([Ljava/lang/Object;III)V @ 183
Event: 16.057 Thread 0x00000000002df000 Uncommon trap: reason=array_check action=maybe_recompile pc=0x00000000029aac2c method=java.util.ComparableTimSort.binarySort([Ljava/lang/Object;III)V @ 193
Event: 16.057 Thread 0x00000000002df000 Uncommon trap: reason=array_check action=maybe_recompile pc=0x00000000029aac2c method=java.util.ComparableTimSort.binarySort([Ljava/lang/Object;III)V @ 193
Event: 16.113 Thread 0x00000000002df000 Uncommon trap: reason=unreached action=reinterpret pc=0x0000000002989afc method=com.android.dx.dex.code.LocalList$MakeState.filterSpec(Lcom/android/dx/rop/code/RegisterSpec;)Lcom/android/dx/rop/code/RegisterSpec; @ 11
Event: 16.188 Thread 0x00000000002df000 Uncommon trap: reason=unreached action=reinterpret pc=0x0000000002807de8 method=com.android.dx.dex.code.LocalList$MakeState.startLocal(ILcom/android/dx/rop/code/RegisterSpec;)V @ 71
Event: 16.202 Thread 0x00000000002df000 Uncommon trap: reason=unreached action=reinterpret pc=0x000000000298a458 method=com.android.dx.dex.code.LocalList$MakeState.filterSpec(Lcom/android/dx/rop/code/RegisterSpec;)Lcom/android/dx/rop/code/RegisterSpec; @ 11

Internal exceptions (10 events):
Event: 6.239 Thread 0x00000000002df000 Implicit null exception at 0x00000000027b2afb to 0x00000000027b31e1
Event: 9.482 Thread 0x00000000002df000 Implicit null exception at 0x000000000279df0e to 0x000000000279f935
Event: 9.483 Thread 0x00000000002df000 Implicit null exception at 0x00000000027ac9c9 to 0x00000000027ad961
Event: 9.483 Thread 0x00000000002df000 Implicit null exception at 0x00000000027abfc0 to 0x00000000027ac131
Event: 10.548 Thread 0x00000000002df000 Implicit null exception at 0x00000000026eafdc to 0x00000000026eb006
Event: 11.868 Thread 0x00000000002df000 Implicit null exception at 0x000000000289081e to 0x0000000002890ba5
Event: 12.044 Thread 0x00000000002df000 Implicit null exception at 0x00000000026f5eb5 to 0x00000000026f601d
Event: 12.554 Thread 0x00000000002df000 Implicit null exception at 0x0000000002860979 to 0x00000000028612d1
Event: 14.501 Thread 0x00000000002df000 Implicit null exception at 0x000000000287471c to 0x000000000287473e
Event: 15.910 Thread 0x00000000002df000 Implicit null exception at 0x0000000002992608 to 0x0000000002992a1d

Events (10 events):
Event: 16.096 Thread 0x0000000008635800 flushing nmethod 0x00000000028d69d0
Event: 16.113 Thread 0x00000000002df000 Uncommon trap: trap_request=0xffffffad fr.pc=0x0000000002989afc
Event: 16.113 Thread 0x00000000002df000 DEOPT PACKING pc=0x0000000002989afc sp=0x000000000261eea0
Event: 16.113 Thread 0x00000000002df000 DEOPT UNPACKING pc=0x0000000002659064 sp=0x000000000261ee40 mode 2
Event: 16.188 Thread 0x00000000002df000 Uncommon trap: trap_request=0xffffffad fr.pc=0x0000000002807de8
Event: 16.188 Thread 0x00000000002df000 DEOPT PACKING pc=0x0000000002807de8 sp=0x000000000261f020
Event: 16.188 Thread 0x00000000002df000 DEOPT UNPACKING pc=0x0000000002659064 sp=0x000000000261efb8 mode 2
Event: 16.202 Thread 0x00000000002df000 Uncommon trap: trap_request=0xffffffad fr.pc=0x000000000298a458
Event: 16.202 Thread 0x00000000002df000 DEOPT PACKING pc=0x000000000298a458 sp=0x000000000261eff0
Event: 16.202 Thread 0x00000000002df000 DEOPT UNPACKING pc=0x0000000002659064 sp=0x000000000261ef60 mode 2


Dynamic libraries:
0x000000013ff40000 - 0x000000013ff73000 	C:\PROGRA~1\Java\JDK17~1.0_5\bin\java.exe
0x00000000778a0000 - 0x0000000077a49000 	C:\Windows\SYSTEM32\ntdll.dll
0x0000000077780000 - 0x000000007789f000 	C:\Windows\system32\kernel32.dll
0x000007fefc910000 - 0x000007fefc97b000 	C:\Windows\system32\KERNELBASE.dll
0x000007fefeb30000 - 0x000007fefec0b000 	C:\Windows\system32\ADVAPI32.dll
0x000007fefd850000 - 0x000007fefd8ef000 	C:\Windows\system32\msvcrt.dll
0x000007fefdc00000 - 0x000007fefdc1f000 	C:\Windows\SYSTEM32\sechost.dll
0x000007fefcc90000 - 0x000007fefcdbd000 	C:\Windows\system32\RPCRT4.dll
0x0000000077680000 - 0x000000007777a000 	C:\Windows\system32\USER32.dll
0x000007fefcff0000 - 0x000007fefd057000 	C:\Windows\system32\GDI32.dll
0x000007fefee60000 - 0x000007fefee6e000 	C:\Windows\system32\LPK.dll
0x000007fefd1f0000 - 0x000007fefd2b9000 	C:\Windows\system32\USP10.dll
0x000007fefb870000 - 0x000007fefba64000 	C:\Windows\WinSxS\amd64_microsoft.windows.common-controls_6595b64144ccf1df_6.0.7601.17514_none_fa396087175ac9ac\COMCTL32.dll
0x000007fefd8f0000 - 0x000007fefd961000 	C:\Windows\system32\SHLWAPI.dll
0x000007fefd060000 - 0x000007fefd08e000 	C:\Windows\system32\IMM32.DLL
0x000007fefec10000 - 0x000007fefed19000 	C:\Windows\system32\MSCTF.dll
0x0000000070e80000 - 0x0000000070f52000 	C:\PROGRA~1\Java\JDK17~1.0_5\jre\bin\msvcr100.dll
0x0000000063200000 - 0x00000000639c9000 	C:\PROGRA~1\Java\JDK17~1.0_5\jre\bin\server\jvm.dll
0x000007fefc5f0000 - 0x000007fefc5f9000 	C:\Windows\system32\WSOCK32.dll
0x000007fefed20000 - 0x000007fefed6d000 	C:\Windows\system32\WS2_32.dll
0x000007fefee70000 - 0x000007fefee78000 	C:\Windows\system32\NSI.dll
0x000007fef9200000 - 0x000007fef923b000 	C:\Windows\system32\WINMM.dll
0x0000000077a60000 - 0x0000000077a67000 	C:\Windows\system32\PSAPI.DLL
0x0000000070e70000 - 0x0000000070e7f000 	C:\PROGRA~1\Java\JDK17~1.0_5\jre\bin\verify.dll
0x0000000070e40000 - 0x0000000070e68000 	C:\PROGRA~1\Java\JDK17~1.0_5\jre\bin\java.dll
0x0000000070b50000 - 0x0000000070b65000 	C:\PROGRA~1\Java\JDK17~1.0_5\jre\bin\zip.dll
0x0000000070b30000 - 0x0000000070b49000 	C:\Program Files\Java\jdk1.7.0_51\jre\bin\net.dll
0x000007fefbe00000 - 0x000007fefbe55000 	C:\Windows\system32\mswsock.dll
0x000007fefbdf0000 - 0x000007fefbdf7000 	C:\Windows\System32\wship6.dll
0x0000000070820000 - 0x0000000070831000 	C:\Program Files\Java\jdk1.7.0_51\jre\bin\nio.dll

VM Arguments:
jvm_args: -Xmx1024M -Xss1m -Djava.ext.dirs=C:\Users\Edward\AppData\Local\Android\android-sdk\build-tools\19.0.1\lib 
java_command: C:\Users\Edward\AppData\Local\Android\android-sdk\build-tools\19.0.1\lib\dx.jar --dex --output D:\Rumie\Ruime\app\build\pre-dexed\debug\Flurry_3.2.1-6bf12030e9d9342146fc435e813e747550039d42.jar D:\Rumie\Ruime\app\libs\Flurry_3.2.1.jar
Launcher Type: SUN_STANDARD

Environment Variables:
JAVA_HOME=C:\Program Files\Java\jdk1.7.0_51
PATH=c:\Users\Edward\bin;.;C:\Program Files (x86)\Git\local\bin;C:\Program Files (x86)\Git\mingw\bin;C:\Program Files (x86)\Git\bin;c:\Windows\system32;c:\Windows;c:\Windows\System32\Wbem;c:\Windows\System32\WindowsPowerShell\v1.0\;c:\Program Files\ThinkPad\Bluetooth Software\;c:\Program Files\ThinkPad\Bluetooth Software\syswow64;c:\Program Files (x86)\gradle-1.10\bin;c:\Program Files\Java\jdk1.7.0_51\bin;.
USERNAME=Edward
OS=Windows_NT
PROCESSOR_IDENTIFIER=Intel64 Family 6 Model 37 Stepping 2, GenuineIntel



---------------  S Y S T E M  ---------------

OS: Windows 7 , 64 bit Build 7601 Service Pack 1

CPU:total 4 (2 cores per cpu, 2 threads per core) family 6 model 37 stepping 2, cmov, cx8, fxsr, mmx, sse, sse2, sse3, ssse3, sse4.1, sse4.2, popcnt, aes, ht, tsc, tscinvbit

Memory: 4k page, physical 8179372k(3691064k free), swap 16356880k(10936344k free)

vm_info: Java HotSpot(TM) 64-Bit Server VM (24.51-b03) for windows-amd64 JRE (1.7.0_51-b13), built on Dec 18 2013 18:40:56 by "java_re" with unknown MS VC++:1600

time: Sat Feb 08 09:06:47 2014
elapsed time: 16 seconds

